<?xml version="1.0" encoding="UTF-8"?>
<testsuite name="SILab2Test" tests="1" skipped="0" failures="0" errors="0" timestamp="2022-05-13T17:23:10" hostname="DESKTOP-9I9TIO1" time="0.05">
  <properties/>
  <testcase name="functionEveryStatementAndEveryBranch()" classname="SILab2Test" time="0.05"/>
  <system-out><![CDATA[All tests executed
]]></system-out>
  <system-err><![CDATA[]]></system-err>
</testsuite>
